2021-02-25 14:42:07,370 - log_utlis.py[line:18] - INFO: 运行结束
2021-02-25 15:37:19,664 - log_utlis.py[line:17] - INFO: 这是获取用户名成功：用户名是admin
2021-02-25 15:37:19,664 - log_utlis.py[line:17] - INFO: 运行结束
2021-02-25 16:10:38,446 - log_utlis.py[line:17] - INFO: 输入用户名：admin
2021-02-25 16:10:38,601 - log_utlis.py[line:17] - INFO: 输入用密码：Pass1234
2021-02-25 16:10:38,707 - log_utlis.py[line:17] - INFO: 点击登录
2021-02-25 16:10:39,351 - log_utlis.py[line:17] - INFO: 这是获取用户名成功：用户名是admin
2021-02-25 16:11:46,370 - log_utlis.py[line:17] - INFO: 输入用户名：admin
2021-02-25 16:11:46,450 - log_utlis.py[line:17] - INFO: 输入用密码：Pass1234
2021-02-25 16:11:46,522 - log_utlis.py[line:17] - INFO: 点击登录
2021-02-25 16:11:47,140 - log_utlis.py[line:17] - INFO: 这是获取用户名成功：用户名是admin
2021-02-25 16:13:20,443 - log_utlis.py[line:17] - INFO: 输入用户名：admin
2021-02-25 16:13:20,640 - log_utlis.py[line:17] - INFO: 输入用密码：Pass1234
2021-02-25 16:13:20,820 - log_utlis.py[line:17] - INFO: 点击登录
2021-02-25 16:13:22,330 - log_utlis.py[line:17] - INFO: 这是获取用户名成功：用户名是admin
2021-02-25 16:14:28,291 - log_utlis.py[line:17] - INFO: 输入用户名：admin
2021-02-25 16:14:28,372 - log_utlis.py[line:17] - INFO: 输入用密码：Pass1234
2021-02-25 16:14:28,671 - log_utlis.py[line:17] - INFO: 点击登录
2021-02-25 16:14:29,373 - log_utlis.py[line:17] - INFO: 这是获取用户名成功：用户名是admin
2021-02-25 16:16:02,660 - log_utlis.py[line:17] - INFO: 输入用户名：admin
2021-02-25 16:16:02,749 - log_utlis.py[line:17] - INFO: 输入用密码：Pass1234
2021-02-25 16:16:02,885 - log_utlis.py[line:17] - INFO: 点击登录
2021-02-25 16:16:05,577 - log_utlis.py[line:17] - INFO: 这是获取用户名成功：用户名是admin
2021-02-26 13:52:33,929 - log_utlis.py[line:17] - INFO: 打开URL地址 http://127.0.0.1/zentao/user-login.html
